0 verbose cli /usr/bin/node /usr/bin/npm
1 info using npm@10.8.2
2 info using node@v20.18.0
3 silly config load:file:/usr/lib/node_modules/npm/npmrc
4 silly config load:file:/home/user/.npmrc
5 silly config load:file:/usr/etc/npmrc
6 verbose title npm install
7 verbose argv "install"
8 verbose logfile logs-max:10 dir:/home/user/.npm/_logs/2025-02-12T19_53_47_423Z-
9 verbose logfile /home/user/.npm/_logs/2025-02-12T19_53_47_423Z-debug-0.log
10 silly packumentCache heap:2116812800 maxSize:529203200 maxEntrySize:264601600
11 silly logfile done cleaning log files
12 silly idealTree buildDeps
13 silly reify moves {}
14 verbose stack Error: Could not read package.json: Error: ENOENT: no such file or directory, open '/home/user/package.json'
14 verbose stack     at async open (node:internal/fs/promises:639:25)
14 verbose stack     at async readFile (node:internal/fs/promises:1242:14)
14 verbose stack     at async read (/usr/lib/node_modules/npm/node_modules/@npmcli/package-json/lib/read-package.js:9:18)
14 verbose stack     at async PackageJson.load (/usr/lib/node_modules/npm/node_modules/@npmcli/package-json/lib/index.js:130:31)
14 verbose stack     at async PackageJson.normalize (/usr/lib/node_modules/npm/node_modules/@npmcli/package-json/lib/index.js:116:5)
14 verbose stack     at async runScript (/usr/lib/node_modules/npm/node_modules/@npmcli/run-script/lib/run-script.js:11:28)
14 verbose stack     at async Install.exec (/usr/lib/node_modules/npm/lib/commands/install.js:163:9)
14 verbose stack     at async Npm.exec (/usr/lib/node_modules/npm/lib/npm.js:207:9)
14 verbose stack     at async module.exports (/usr/lib/node_modules/npm/lib/cli/entry.js:74:5)
15 error code ENOENT
16 error syscall open
17 error path /home/user/package.json
18 error errno -2
19 error enoent Could not read package.json: Error: ENOENT: no such file or directory, open '/home/user/package.json'
20 error enoent This is related to npm not being able to find a file.
20 error enoent
21 verbose cwd /home/user
22 verbose os Linux 6.1.102
23 verbose node v20.18.0
24 verbose npm  v10.8.2
25 verbose exit -2
26 verbose code -2
27 error A complete log of this run can be found in: /home/user/.npm/_logs/2025-02-12T19_53_47_423Z-debug-0.log
